<?xml version="1.0" encoding="UTF-8"?>
<!-- Generated by org.testng.reporters.JUnitReportReporter -->
<testsuite hostname="Mac.elecom" failures="0" tests="2" name="test.test.eq.OrangeEQTests" time="14.619" errors="0" timestamp="2024-12-31T15:44:38 JST" skipped="0">
  <testcase classname="test.test.eq.OrangeEQTests" name="loginorm" time="7.325"/>
  <testcase classname="test.test.eq.OrangeEQTests" name="loginorm" time="7.294"/>
</testsuite> <!-- test.test.eq.OrangeEQTests -->
